<?xml version="1.0" encoding="UTF-8"?>
<testng-results skipped="0" failed="0" ignored="0" total="4" passed="4">
  <reporter-output>
  </reporter-output>
  <suite name="Automation Test Suite" duration-ms="96028" started-at="2020-03-21T03:20:41Z" finished-at="2020-03-21T03:22:17Z">
    <groups>
      <group name="cucumber">
        <method signature="AbstractTestNGCucumberTests.feature(cucumber.api.testng.CucumberFeatureWrapper)[pri:0, instance:com.usa.myrunner.MyRunner@57d5872c]" name="feature" class="cucumber.api.testng.AbstractTestNGCucumberTests"/>
      </group> <!-- cucumber -->
    </groups>
    <test name="PMCS Login test" duration-ms="96028" started-at="2020-03-21T03:20:41Z" finished-at="2020-03-21T03:22:17Z">
      <class name="com.usa.myrunner.MyRunner">
        <test-method status="PASS" signature="setUpClass()[pri:0, instance:com.usa.myrunner.MyRunner@57d5872c]" name="setUpClass" is-config="true" duration-ms="556" started-at="2020-03-21T03:21:27Z" finished-at="2020-03-21T03:21:27Z">
          <reporter-output>
          </reporter-output>
        </test-method> <!-- setUpClass -->
        <test-method status="PASS" signature="feature(cucumber.api.testng.CucumberFeatureWrapper)[pri:0, instance:com.usa.myrunner.MyRunner@57d5872c]" name="feature" duration-ms="16368" started-at="2020-03-21T03:21:27Z" description="Runs Cucumber Feature" data-provider="features" finished-at="2020-03-21T03:21:44Z">
          <params>
            <param index="0">
              <value>
                <![CDATA[Users can buy the Property sell the Property & compaire the Property price from the online https://www.zoopla.co.uk/ website]]>
              </value>
            </param>
          </params>
          <reporter-output>
          </reporter-output>
        </test-method> <!-- feature -->
        <test-method status="PASS" signature="feature(cucumber.api.testng.CucumberFeatureWrapper)[pri:0, instance:com.usa.myrunner.MyRunner@57d5872c]" name="feature" duration-ms="33087" started-at="2020-03-21T03:21:44Z" description="Runs Cucumber Feature" data-provider="features" finished-at="2020-03-21T03:22:17Z">
          <params>
            <param index="0">
              <value>
                <![CDATA[Users can buy the Property sell the Property & compaire the Property price from the online https://www.zoopla.co.uk/ website]]>
              </value>
            </param>
          </params>
          <reporter-output>
          </reporter-output>
        </test-method> <!-- feature -->
        <test-method status="PASS" signature="tearDownClass()[pri:0, instance:com.usa.myrunner.MyRunner@57d5872c]" name="tearDownClass" is-config="true" duration-ms="20" started-at="2020-03-21T03:22:17Z" finished-at="2020-03-21T03:22:17Z">
          <reporter-output>
          </reporter-output>
        </test-method> <!-- tearDownClass -->
      </class> <!-- com.usa.myrunner.MyRunner -->
      <class name="com.usa.logintest.LoginTest">
        <test-method status="PASS" signature="setUp()[pri:0, instance:com.usa.logintest.LoginTest@41ee392b]" name="setUp" is-config="true" duration-ms="13995" started-at="2020-03-21T03:20:41Z" finished-at="2020-03-21T03:20:55Z">
          <reporter-output>
          </reporter-output>
        </test-method> <!-- setUp -->
        <test-method status="PASS" signature="getLoginValidation()[pri:0, instance:com.usa.logintest.LoginTest@41ee392b]" name="getLoginValidation" duration-ms="4656" started-at="2020-03-21T03:20:55Z" finished-at="2020-03-21T03:21:00Z">
          <reporter-output>
          </reporter-output>
        </test-method> <!-- getLoginValidation -->
        <test-method status="PASS" signature="tearDown()[pri:0, instance:com.usa.logintest.LoginTest@41ee392b]" name="tearDown" is-config="true" duration-ms="1044" started-at="2020-03-21T03:21:00Z" finished-at="2020-03-21T03:21:01Z">
          <reporter-output>
          </reporter-output>
        </test-method> <!-- tearDown -->
      </class> <!-- com.usa.logintest.LoginTest -->
      <class name="com.usa.logintest.FindPropertyTest">
        <test-method status="PASS" signature="setUp()[pri:0, instance:com.usa.logintest.FindPropertyTest@1e67a849]" name="setUp" is-config="true" duration-ms="15677" started-at="2020-03-21T03:21:01Z" finished-at="2020-03-21T03:21:17Z">
          <reporter-output>
          </reporter-output>
        </test-method> <!-- setUp -->
        <test-method status="PASS" signature="findProperties()[pri:0, instance:com.usa.logintest.FindPropertyTest@1e67a849]" name="findProperties" duration-ms="9261" started-at="2020-03-21T03:21:17Z" finished-at="2020-03-21T03:21:26Z">
          <reporter-output>
          </reporter-output>
        </test-method> <!-- findProperties -->
        <test-method status="PASS" signature="tearDown()[pri:0, instance:com.usa.logintest.FindPropertyTest@1e67a849]" name="tearDown" is-config="true" duration-ms="811" started-at="2020-03-21T03:21:26Z" finished-at="2020-03-21T03:21:27Z">
          <reporter-output>
          </reporter-output>
        </test-method> <!-- tearDown -->
      </class> <!-- com.usa.logintest.FindPropertyTest -->
    </test> <!-- PMCS Login test -->
  </suite> <!-- Automation Test Suite -->
</testng-results>
